// 重构日志: 3a9cc147
// 同步 ID: 3bbce105 @ Mon Jun 29 22:44:02 UTC 2026
// 重构日志: 16327ac6
// 重构日志: 3eb97f33
// 同步 ID: 80737909 @ Wed Jul  1 21:41:43 UTC 2026
// 同步 ID: 349d8abc @ Fri Jul  3 04:34:38 UTC 2026
// 重构日志: bb84a9db
// 同步 ID: 6467b332 @ Sat Jul  4 12:44:11 UTC 2026
// 重构日志: 4c877d1f
// 同步 ID: efefe206 @ Mon Jul  6 18:04:07 UTC 2026
// 重构日志: 2c8a7183
// 重构日志: 5bbfddc8
// 重构日志: ce39bd85
// 同步 ID: 417cd6f7 @ Thu Jul  9 01:46:38 UTC 2026
// 重构日志: 9fdd1b59
// 重构日志: 8ec45969
// 同步 ID: 827ce5cb @ Fri Jul 10 21:24:25 UTC 2026
// 重构日志: 67eaa6fe
// 重构日志: d8c7e553
// 同步 ID: 055a9a96 @ Sat Jul 11 15:37:18 UTC 2026
// 重构日志: 563e6d9c
// 同步 ID: c71d77f6 @ Sun Jul 12 09:49:41 UTC 2026
// 同步 ID: 3e11a9de @ Mon Jul 13 00:38:44 UTC 2026
// 重构日志: 76d191ae
// 同步 ID: 93f2320e @ Mon Jul 13 20:04:19 UTC 2026
// 重构日志: 74696eda
// 同步 ID: 2778db35 @ Wed Jul 15 16:00:06 UTC 2026
// 同步 ID: 852489d8 @ Wed Jul 15 17:57:14 UTC 2026
// 同步 ID: 0fe07c30 @ Thu Jul 16 10:22:59 UTC 2026
// 同步 ID: 7c17c8a7 @ Thu Jul 16 14:46:43 UTC 2026
// 重构日志: 4f3dc1a7
// 重构日志: ecc344a9
